Base path: /Applications/Unity/Hub/Editor/2018.3.4f1/Unity.app/Contents
Cmd: initializeCompiler
Cmd: compileComputeKernel
  api=14 insize=14379 outsize=102157 ok=1
Cmd: compileComputeKernel
  api=14 insize=14379 outsize=47517 ok=1
Cmd: compileComputeKernel
  api=14 insize=14379 outsize=47625 ok=1
Cmd: compileComputeKernel
  api=14 insize=14379 outsize=102565 ok=1
Cmd: compileComputeKernel
  api=14 insize=14379 outsize=55497 ok=1
Cmd: translateComputeKernel
  api=14 insize=52421 outsize=102457 ok=1
Cmd: translateComputeKernel
  api=14 insize=60297 outsize=120489 ok=1
Cmd: translateComputeKernel
  api=14 insize=48825 outsize=93109 ok=1
Cmd: translateComputeKernel
  api=14 insize=43433 outsize=79449 ok=1
Cmd: translateComputeKernel
  api=14 insize=48353 outsize=92409 ok=1
Cmd: translateComputeKernel
  api=14 insize=44105 outsize=82405 ok=1
Cmd: translateComputeKernel
  api=14 insize=57057 outsize=113929 ok=1
Cmd: translateComputeKernel
  api=14 insize=43265 outsize=79213 ok=1
Cmd: translateComputeKernel
  api=14 insize=32121 outsize=51053 ok=1
Cmd: translateComputeKernel
  api=14 insize=47725 outsize=92229 ok=1
Cmd: translateComputeKernel
  api=14 insize=54857 outsize=109477 ok=1
Cmd: translateComputeKernel
  api=14 insize=44709 outsize=84617 ok=1
Cmd: translateComputeKernel
  api=14 insize=85153 outsize=186417 ok=1
Cmd: compileComputeKernel
  api=14 insize=26814 outsize=18065 ok=1
Cmd: translateComputeKernel
  api=14 insize=17661 outsize=34353 ok=1
Cmd: translateComputeKernel
  api=14 insize=1321 outsize=693 ok=1
Cmd: compileComputeKernel
  api=14 insize=2059 outsize=2129 ok=1
Cmd: translateComputeKernel
  api=14 insize=841 outsize=785 ok=1
Cmd: translateComputeKernel
  api=14 insize=1357 outsize=1453 ok=1
Cmd: compileComputeKernel
  api=14 insize=10881 outsize=11297 ok=1
Cmd: compileComputeKernel
  api=14 insize=7431 outsize=13073 ok=1
Cmd: translateComputeKernel
  api=14 insize=7289 outsize=11297 ok=1
Cmd: translateComputeKernel
  api=14 insize=3265 outsize=5361 ok=1
Cmd: compileComputeKernel
  api=14 insize=1753 outsize=2673 ok=1
Cmd: compileComputeKernel
  api=14 insize=18299 outsize=9637 ok=1
Cmd: compileComputeKernel
  api=14 insize=18299 outsize=11797 ok=1
Cmd: translateComputeKernel
  api=14 insize=11321 outsize=24633 ok=1
Cmd: compileComputeKernel
  api=14 insize=19063 outsize=16573 ok=1
Cmd: translateComputeKernel
  api=14 insize=17205 outsize=35125 ok=1
Cmd: translateComputeKernel
  api=14 insize=7001 outsize=13513 ok=1
Cmd: compileComputeKernel
  api=14 insize=692 outsize=1093 ok=1
Cmd: compileComputeKernel
  api=14 insize=20454 outsize=34873 ok=1
Cmd: translateComputeKernel
  api=14 insize=34873 outsize=60749 ok=1
Cmd: compileComputeKernel
  api=14 insize=34758 outsize=45861 ok=1
Cmd: compileComputeKernel
  api=14 insize=34758 outsize=44957 ok=1
Cmd: translateComputeKernel
  api=14 insize=46289 outsize=93145 ok=1
Cmd: translateComputeKernel
  api=14 insize=47785 outsize=95637 ok=1
Cmd: compileComputeKernel
  api=14 insize=16360 outsize=16841 ok=1
Cmd: compileComputeKernel
  api=14 insize=2044 outsize=1509 ok=1
Cmd: translateComputeKernel
  api=14 insize=8801 outsize=2593 ok=1
Cmd: compileComputeKernel
  api=14 insize=16866 outsize=7557 ok=1
Cmd: compileComputeKernel
  api=14 insize=16866 outsize=7793 ok=1
Cmd: compileComputeKernel
  api=14 insize=16866 outsize=7821 ok=1
Cmd: compileComputeKernel
  api=14 insize=16866 outsize=9789 ok=1
Cmd: compileComputeKernel
  api=14 insize=16866 outsize=8621 ok=1
Cmd: compileComputeKernel
  api=14 insize=16866 outsize=8837 ok=1
Cmd: compileComputeKernel
  api=14 insize=16866 outsize=10705 ok=1
Cmd: compileComputeKernel
  api=14 insize=16866 outsize=11789 ok=1
Cmd: translateComputeKernel
  api=14 insize=6165 outsize=11025 ok=1
Cmd: translateComputeKernel
  api=14 insize=7113 outsize=12565 ok=1
Cmd: translateComputeKernel
  api=14 insize=8813 outsize=15925 ok=1
Cmd: translateComputeKernel
  api=14 insize=9409 outsize=17757 ok=1
Cmd: translateComputeKernel
  api=14 insize=8001 outsize=14993 ok=1
Cmd: translateComputeKernel
  api=14 insize=8565 outsize=15781 ok=1
Cmd: translateComputeKernel
  api=14 insize=10285 outsize=19305 ok=1
Cmd: translateComputeKernel
  api=14 insize=10881 outsize=21237 ok=1
Cmd: initializeCompiler
Cmd: initializeCompiler
Cmd: initializeCompiler
Cmd: initializeCompiler
Cmd: initializeCompiler
Cmd: initializeCompiler
Cmd: initializeCompiler
Cmd: initializeCompiler
Cmd: initializeCompiler
Cmd: initializeCompiler
Cmd: initializeCompiler
Cmd: initializeCompiler
Cmd: initializeCompiler
Cmd: initializeCompiler
Cmd: initializeCompiler
Cmd: initializeCompiler
Cmd: initializeCompiler
Cmd: initializeCompiler
Cmd: initializeCompiler

Quitting shader compiler process
