Base path: /Applications/Unity/Hub/Editor/2018.3.4f1/Unity.app/Contents
Cmd: initializeCompiler
Cmd: compileComputeKernel
  api=14 insize=14379 outsize=110777 ok=1
Cmd: compileComputeKernel
  api=14 insize=14379 outsize=56341 ok=1
Cmd: compileComputeKernel
  api=14 insize=14379 outsize=31145 ok=1
Cmd: compileComputeKernel
  api=14 insize=14379 outsize=54141 ok=1
Cmd: compileComputeKernel
  api=14 insize=14379 outsize=84745 ok=1
Cmd: compileComputeKernel
  api=14 insize=14379 outsize=56513 ok=1
Cmd: translateComputeKernel
  api=14 insize=112753 outsize=252793 ok=1
Cmd: translateComputeKernel
  api=14 insize=44953 outsize=83713 ok=1
Cmd: translateComputeKernel
  api=14 insize=45577 outsize=86405 ok=1
Cmd: translateComputeKernel
  api=14 insize=56333 outsize=110393 ok=1
Cmd: translateComputeKernel
  api=14 insize=104741 outsize=244541 ok=1
Cmd: compileComputeKernel
  api=14 insize=26814 outsize=17617 ok=1
Cmd: compileComputeKernel
  api=14 insize=26814 outsize=749 ok=1
Cmd: translateComputeKernel
  api=14 insize=17477 outsize=33909 ok=1
Cmd: compileComputeKernel
  api=14 insize=2711 outsize=8969 ok=1
Cmd: compileComputeKernel
  api=14 insize=1176 outsize=1433 ok=1
Cmd: compileComputeKernel
  api=14 insize=10881 outsize=10553 ok=1
Cmd: translateComputeKernel
  api=14 insize=10709 outsize=18721 ok=1
Cmd: compileComputeKernel
  api=14 insize=4845 outsize=10953 ok=1
Cmd: translateComputeKernel
  api=14 insize=5397 outsize=7573 ok=1
Cmd: compileComputeKernel
  api=14 insize=6353 outsize=1889 ok=1
Cmd: compileComputeKernel
  api=14 insize=18299 outsize=9953 ok=1
Cmd: translateComputeKernel
  api=14 insize=11321 outsize=24609 ok=1
Cmd: compileComputeKernel
  api=14 insize=19063 outsize=15925 ok=1
Cmd: compileComputeKernel
  api=14 insize=19063 outsize=17693 ok=1
Cmd: translateComputeKernel
  api=14 insize=17693 outsize=35985 ok=1
Cmd: compileComputeKernel
  api=14 insize=1806 outsize=2001 ok=1
Cmd: compileComputeKernel
  api=14 insize=20454 outsize=102597 ok=1
Cmd: compileComputeKernel
  api=14 insize=34758 outsize=46829 ok=1
Cmd: compileComputeKernel
  api=14 insize=34758 outsize=47649 ok=1
Cmd: translateComputeKernel
  api=14 insize=49197 outsize=99265 ok=1
Cmd: translateComputeKernel
  api=14 insize=49197 outsize=99265 ok=1
Cmd: compileComputeKernel
  api=14 insize=16360 outsize=15893 ok=1
Cmd: translateComputeKernel
  api=14 insize=1193 outsize=1313 ok=1
Cmd: compileComputeKernel
  api=14 insize=16866 outsize=5393 ok=1
Cmd: compileComputeKernel
  api=14 insize=16866 outsize=5993 ok=1
Cmd: compileComputeKernel
  api=14 insize=16866 outsize=7769 ok=1
Cmd: compileComputeKernel
  api=14 insize=16866 outsize=10217 ok=1
Cmd: compileComputeKernel
  api=14 insize=16866 outsize=7229 ok=1
Cmd: compileComputeKernel
  api=14 insize=16866 outsize=8933 ok=1
Cmd: compileComputeKernel
  api=14 insize=16866 outsize=8737 ok=1
Cmd: compileComputeKernel
  api=14 insize=16866 outsize=11233 ok=1
Cmd: compileComputeKernel
  api=14 insize=16866 outsize=12465 ok=1
Cmd: translateComputeKernel
  api=14 insize=5469 outsize=9609 ok=1
Cmd: translateComputeKernel
  api=14 insize=6033 outsize=10353 ok=1
Cmd: translateComputeKernel
  api=14 insize=7301 outsize=12881 ok=1
Cmd: translateComputeKernel
  api=14 insize=7897 outsize=14625 ok=1
Cmd: translateComputeKernel
  api=14 insize=6921 outsize=12757 ok=1
Cmd: translateComputeKernel
  api=14 insize=8313 outsize=15629 ok=1
Cmd: translateComputeKernel
  api=14 insize=8877 outsize=16421 ok=1
Cmd: translateComputeKernel
  api=14 insize=10741 outsize=20241 ok=1
Cmd: translateComputeKernel
  api=14 insize=11337 outsize=22157 ok=1
Cmd: translateComputeKernel
  api=14 insize=5045 outsize=9073 ok=1
Cmd: initializeCompiler
Cmd: initializeCompiler
Cmd: initializeCompiler
Cmd: initializeCompiler
Cmd: initializeCompiler
Cmd: initializeCompiler
Cmd: initializeCompiler
Cmd: initializeCompiler
Cmd: initializeCompiler
Cmd: initializeCompiler
Cmd: initializeCompiler
Cmd: initializeCompiler
Cmd: initializeCompiler
Cmd: initializeCompiler
Cmd: initializeCompiler
Cmd: initializeCompiler
Cmd: initializeCompiler
Cmd: initializeCompiler
Cmd: initializeCompiler

Quitting shader compiler process
