Base path: /Applications/Unity/Hub/Editor/2018.3.4f1/Unity.app/Contents
Cmd: initializeCompiler
Cmd: compileComputeKernel
  api=14 insize=14379 outsize=51585 ok=1
Cmd: compileComputeKernel
  api=14 insize=14379 outsize=59733 ok=1
Cmd: compileComputeKernel
  api=14 insize=14379 outsize=47989 ok=1
Cmd: compileComputeKernel
  api=14 insize=14379 outsize=55321 ok=1
Cmd: compileComputeKernel
  api=14 insize=14379 outsize=53973 ok=1
Cmd: compileComputeKernel
  api=14 insize=14379 outsize=53101 ok=1
Cmd: compileComputeKernel
  api=14 insize=14379 outsize=61025 ok=1
Cmd: compileComputeKernel
  api=14 insize=14379 outsize=49133 ok=1
Cmd: compileComputeKernel
  api=14 insize=14379 outsize=82529 ok=1
Cmd: translateComputeKernel
  api=14 insize=102637 outsize=228305 ok=1
Cmd: translateComputeKernel
  api=14 insize=53937 outsize=106321 ok=1
Cmd: translateComputeKernel
  api=14 insize=54265 outsize=112225 ok=1
Cmd: translateComputeKernel
  api=14 insize=56501 outsize=110981 ok=1
Cmd: translateComputeKernel
  api=14 insize=58685 outsize=118637 ok=1
Cmd: translateComputeKernel
  api=14 insize=75393 outsize=158301 ok=1
Cmd: compileComputeKernel
  api=14 insize=26814 outsize=18289 ok=1
Cmd: translateComputeKernel
  api=14 insize=17865 outsize=34717 ok=1
Cmd: compileComputeKernel
  api=14 insize=7431 outsize=13169 ok=1
Cmd: translateComputeKernel
  api=14 insize=13169 outsize=10777 ok=1
Cmd: translateComputeKernel
  api=14 insize=11209 outsize=18525 ok=1
Cmd: compileComputeKernel
  api=14 insize=6353 outsize=7005 ok=1
Cmd: translateComputeKernel
  api=14 insize=1545 outsize=1745 ok=1
Cmd: compileComputeKernel
  api=14 insize=18299 outsize=9397 ok=1
Cmd: translateComputeKernel
  api=14 insize=9721 outsize=16621 ok=1
Cmd: translateComputeKernel
  api=14 insize=11489 outsize=24921 ok=1
Cmd: compileComputeKernel
  api=14 insize=19063 outsize=16417 ok=1
Cmd: translateComputeKernel
  api=14 insize=16617 outsize=33897 ok=1
Cmd: compileComputeKernel
  api=14 insize=5435 outsize=7001 ok=1
Cmd: compileComputeKernel
  api=14 insize=1580 outsize=7445 ok=1
Cmd: translateComputeKernel
  api=14 insize=7445 outsize=12917 ok=1
Cmd: compileComputeKernel
  api=14 insize=34758 outsize=43689 ok=1
Cmd: compileComputeKernel
  api=14 insize=34758 outsize=43689 ok=1
Cmd: translateComputeKernel
  api=14 insize=48381 outsize=96765 ok=1
Cmd: translateComputeKernel
  api=14 insize=45425 outsize=91709 ok=1
Cmd: translateComputeKernel
  api=14 insize=15981 outsize=17417 ok=1
Cmd: compileComputeKernel
  api=14 insize=3506 outsize=8801 ok=1
Cmd: compileComputeKernel
  api=14 insize=16866 outsize=6785 ok=1
Cmd: compileComputeKernel
  api=14 insize=16866 outsize=7385 ok=1
Cmd: compileComputeKernel
  api=14 insize=16866 outsize=9233 ok=1
Cmd: compileComputeKernel
  api=14 insize=16866 outsize=10317 ok=1
Cmd: compileComputeKernel
  api=14 insize=16866 outsize=7445 ok=1
Cmd: compileComputeKernel
  api=14 insize=16866 outsize=9221 ok=1
Cmd: compileComputeKernel
  api=14 insize=16866 outsize=11689 ok=1
Cmd: translateComputeKernel
  api=14 insize=7557 outsize=13865 ok=1
Cmd: translateComputeKernel
  api=14 insize=8121 outsize=14609 ok=1
Cmd: translateComputeKernel
  api=14 insize=10253 outsize=18933 ok=1
Cmd: translateComputeKernel
  api=14 insize=11069 outsize=20901 ok=1
Cmd: translateComputeKernel
  api=14 insize=9009 outsize=17033 ok=1
Cmd: translateComputeKernel
  api=14 insize=8773 outsize=16165 ok=1
Cmd: translateComputeKernel
  api=14 insize=11945 outsize=22421 ok=1
Cmd: translateComputeKernel
  api=14 insize=11865 outsize=23233 ok=1
Cmd: initializeCompiler
Cmd: initializeCompiler
Cmd: initializeCompiler
Cmd: initializeCompiler
Cmd: initializeCompiler
Cmd: initializeCompiler
Cmd: initializeCompiler
Cmd: initializeCompiler
Cmd: initializeCompiler
Cmd: initializeCompiler
Cmd: initializeCompiler
Cmd: initializeCompiler
Cmd: initializeCompiler
Cmd: initializeCompiler
Cmd: initializeCompiler
Cmd: initializeCompiler
Cmd: initializeCompiler
Cmd: initializeCompiler
Cmd: initializeCompiler

Quitting shader compiler process
