Base path: /Applications/Unity/Hub/Editor/2018.3.4f1/Unity.app/Contents
Cmd: initializeCompiler
Cmd: compileComputeKernel
  api=14 insize=14379 outsize=31133 ok=1
Cmd: compileComputeKernel
  api=14 insize=14379 outsize=52493 ok=1
Cmd: compileComputeKernel
  api=14 insize=14379 outsize=42669 ok=1
Cmd: compileComputeKernel
  api=14 insize=14379 outsize=83021 ok=1
Cmd: compileComputeKernel
  api=14 insize=14379 outsize=54901 ok=1
Cmd: compileComputeKernel
  api=14 insize=14379 outsize=72245 ok=1
Cmd: compileComputeKernel
  api=14 insize=14379 outsize=75141 ok=1
Cmd: translateComputeKernel
  api=14 insize=32109 outsize=51041 ok=1
Cmd: translateComputeKernel
  api=14 insize=71285 outsize=149921 ok=1
Cmd: translateComputeKernel
  api=14 insize=54977 outsize=107025 ok=1
Cmd: translateComputeKernel
  api=14 insize=56037 outsize=110609 ok=1
Cmd: translateComputeKernel
  api=14 insize=60581 outsize=120269 ok=1
Cmd: translateComputeKernel
  api=14 insize=81633 outsize=172801 ok=1
Cmd: translateComputeKernel
  api=14 insize=61433 outsize=129665 ok=1
Cmd: translateComputeKernel
  api=14 insize=62073 outsize=124117 ok=1
Cmd: translateComputeKernel
  api=14 insize=44765 outsize=83409 ok=1
Cmd: compileComputeKernel
  api=14 insize=26814 outsize=15721 ok=1
Cmd: compileComputeKernel
  api=14 insize=26814 outsize=18249 ok=1
Cmd: translateComputeKernel
  api=14 insize=16389 outsize=31885 ok=1
Cmd: translateComputeKernel
  api=14 insize=18493 outsize=35829 ok=1
Cmd: translateComputeKernel
  api=14 insize=48553 outsize=85569 ok=1
Cmd: translateComputeKernel
  api=14 insize=11297 outsize=22353 ok=1
Cmd: compileComputeKernel
  api=14 insize=3396 outsize=3265 ok=1
Cmd: compileComputeKernel
  api=14 insize=18299 outsize=9405 ok=1
Cmd: compileComputeKernel
  api=14 insize=18299 outsize=11489 ok=1
Cmd: translateComputeKernel
  api=14 insize=9953 outsize=16877 ok=1
Cmd: compileComputeKernel
  api=14 insize=1567 outsize=1497 ok=1
Cmd: compileComputeKernel
  api=14 insize=19063 outsize=17065 ok=1
Cmd: translateComputeKernel
  api=14 insize=15969 outsize=32665 ok=1
Cmd: compileComputeKernel
  api=14 insize=2867 outsize=2021 ok=1
Cmd: translateComputeKernel
  api=14 insize=2001 outsize=3541 ok=1
Cmd: compileComputeKernel
  api=14 insize=20454 outsize=34869 ok=1
Cmd: compileComputeKernel
  api=14 insize=34758 outsize=44957 ok=1
Cmd: compileComputeKernel
  api=14 insize=34758 outsize=46829 ok=1
Cmd: translateComputeKernel
  api=14 insize=44249 outsize=88685 ok=1
Cmd: translateComputeKernel
  api=14 insize=44249 outsize=88685 ok=1
Cmd: compileComputeKernel
  api=14 insize=8350 outsize=3417 ok=1
Cmd: translateComputeKernel
  api=14 insize=3417 outsize=6401 ok=1
Cmd: compileComputeKernel
  api=14 insize=13916 outsize=14461 ok=1
Cmd: translateComputeKernel
  api=14 insize=14729 outsize=13397 ok=1
Cmd: compileComputeKernel
  api=14 insize=2044 outsize=1505 ok=1
Cmd: compileComputeKernel
  api=14 insize=16866 outsize=7169 ok=1
Cmd: compileComputeKernel
  api=14 insize=16866 outsize=8081 ok=1
Cmd: compileComputeKernel
  api=14 insize=16866 outsize=10437 ok=1
Cmd: compileComputeKernel
  api=14 insize=16866 outsize=8237 ok=1
Cmd: compileComputeKernel
  api=14 insize=16866 outsize=8141 ok=1
Cmd: compileComputeKernel
  api=14 insize=16866 outsize=9265 ok=1
Cmd: compileComputeKernel
  api=14 insize=16866 outsize=9821 ok=1
Cmd: compileComputeKernel
  api=14 insize=16866 outsize=12245 ok=1
Cmd: translateComputeKernel
  api=14 insize=7633 outsize=13973 ok=1
Cmd: translateComputeKernel
  api=14 insize=8197 outsize=14685 ok=1
Cmd: translateComputeKernel
  api=14 insize=10473 outsize=19253 ok=1
Cmd: translateComputeKernel
  api=14 insize=10849 outsize=20689 ok=1
Cmd: translateComputeKernel
  api=14 insize=7869 outsize=14345 ok=1
Cmd: translateComputeKernel
  api=14 insize=9649 outsize=17797 ok=1
Cmd: translateComputeKernel
  api=14 insize=9369 outsize=18101 ok=1
Cmd: translateComputeKernel
  api=14 insize=12541 outsize=24253 ok=1
Cmd: initializeCompiler
Cmd: initializeCompiler
Cmd: initializeCompiler
Cmd: initializeCompiler
Cmd: initializeCompiler
Cmd: initializeCompiler
Cmd: initializeCompiler
Cmd: initializeCompiler
Cmd: initializeCompiler
Cmd: initializeCompiler
Cmd: initializeCompiler
Cmd: initializeCompiler
Cmd: initializeCompiler
Cmd: initializeCompiler
Cmd: initializeCompiler
Cmd: initializeCompiler
Cmd: initializeCompiler
Cmd: initializeCompiler
Cmd: initializeCompiler

Quitting shader compiler process
