Base path: /Applications/Unity/Hub/Editor/2018.3.4f1/Unity.app/Contents
Cmd: initializeCompiler
Cmd: compileComputeKernel
  api=14 insize=14379 outsize=100329 ok=1
Cmd: compileComputeKernel
  api=14 insize=14379 outsize=73469 ok=1
Cmd: compileComputeKernel
  api=14 insize=14379 outsize=41669 ok=1
Cmd: compileComputeKernel
  api=14 insize=14379 outsize=61297 ok=1
Cmd: compileComputeKernel
  api=14 insize=14379 outsize=56997 ok=1
Cmd: compileComputeKernel
  api=14 insize=14379 outsize=49269 ok=1
Cmd: translateComputeKernel
  api=14 insize=40925 outsize=74549 ok=1
Cmd: translateComputeKernel
  api=14 insize=53209 outsize=104813 ok=1
Cmd: translateComputeKernel
  api=14 insize=43153 outsize=80437 ok=1
Cmd: translateComputeKernel
  api=14 insize=59681 outsize=124525 ok=1
Cmd: translateComputeKernel
  api=14 insize=74185 outsize=154449 ok=1
Cmd: translateComputeKernel
  api=14 insize=48461 outsize=92269 ok=1
Cmd: translateComputeKernel
  api=14 insize=55617 outsize=109701 ok=1
Cmd: translateComputeKernel
  api=14 insize=42425 outsize=78741 ok=1
Cmd: translateComputeKernel
  api=14 insize=72961 outsize=154149 ok=1
Cmd: translateComputeKernel
  api=14 insize=57713 outsize=115469 ok=1
Cmd: translateComputeKernel
  api=14 insize=50105 outsize=97017 ok=1
Cmd: translateComputeKernel
  api=14 insize=57229 outsize=114257 ok=1
Cmd: compileComputeKernel
  api=14 insize=26814 outsize=16297 ok=1
Cmd: compileComputeKernel
  api=14 insize=26814 outsize=18493 ok=1
Cmd: translateComputeKernel
  api=14 insize=15813 outsize=30945 ok=1
Cmd: translateComputeKernel
  api=14 insize=18293 outsize=35417 ok=1
Cmd: compileComputeKernel
  api=14 insize=2780 outsize=48553 ok=1
Cmd: translateComputeKernel
  api=14 insize=10553 outsize=18421 ok=1
Cmd: translateComputeKernel
  api=14 insize=3445 outsize=6005 ok=1
Cmd: compileComputeKernel
  api=14 insize=18299 outsize=9721 ok=1
Cmd: translateComputeKernel
  api=14 insize=9405 outsize=16205 ok=1
Cmd: translateComputeKernel
  api=14 insize=11797 outsize=25309 ok=1
Cmd: translateComputeKernel
  api=14 insize=1497 outsize=1785 ok=1
Cmd: compileComputeKernel
  api=14 insize=19063 outsize=17205 ok=1
Cmd: translateComputeKernel
  api=14 insize=16557 outsize=33897 ok=1
Cmd: compileComputeKernel
  api=14 insize=21751 outsize=22213 ok=1
Cmd: translateComputeKernel
  api=14 insize=22213 outsize=50645 ok=1
Cmd: translateComputeKernel
  api=14 insize=2845 outsize=4929 ok=1
Cmd: translateComputeKernel
  api=14 insize=853 outsize=785 ok=1
Cmd: compileComputeKernel
  api=14 insize=20454 outsize=102601 ok=1
Cmd: translateComputeKernel
  api=14 insize=34869 outsize=60745 ok=1
Cmd: compileComputeKernel
  api=14 insize=34758 outsize=48297 ok=1
Cmd: compileComputeKernel
  api=14 insize=34758 outsize=48297 ok=1
Cmd: translateComputeKernel
  api=14 insize=47785 outsize=95637 ok=1
Cmd: translateComputeKernel
  api=14 insize=48381 outsize=96765 ok=1
Cmd: translateComputeKernel
  api=14 insize=15981 outsize=17417 ok=1
Cmd: compileComputeKernel
  api=14 insize=16866 outsize=6089 ok=1
Cmd: compileComputeKernel
  api=14 insize=16866 outsize=6689 ok=1
Cmd: compileComputeKernel
  api=14 insize=16866 outsize=8249 ok=1
Cmd: compileComputeKernel
  api=14 insize=16866 outsize=8805 ok=1
Cmd: compileComputeKernel
  api=14 insize=16866 outsize=10993 ok=1
Cmd: compileComputeKernel
  api=14 insize=16866 outsize=9609 ok=1
Cmd: compileComputeKernel
  api=14 insize=16866 outsize=9293 ok=1
Cmd: compileComputeKernel
  api=14 insize=16866 outsize=11261 ok=1
Cmd: translateComputeKernel
  api=14 insize=6549 outsize=11821 ok=1
Cmd: translateComputeKernel
  api=14 insize=6729 outsize=11769 ok=1
Cmd: translateComputeKernel
  api=14 insize=8285 outsize=14921 ok=1
Cmd: translateComputeKernel
  api=14 insize=8881 outsize=16673 ok=1
Cmd: translateComputeKernel
  api=14 insize=7617 outsize=14193 ok=1
Cmd: translateComputeKernel
  api=14 insize=8181 outsize=14981 ok=1
Cmd: translateComputeKernel
  api=14 insize=9757 outsize=18225 ok=1
Cmd: translateComputeKernel
  api=14 insize=10353 outsize=20137 ok=1
Cmd: compileComputeKernel
  api=14 insize=3145 outsize=5045 ok=1
Cmd: compileComputeKernel
  api=14 insize=1192 outsize=873 ok=1
Cmd: translateComputeKernel
  api=14 insize=873 outsize=1513 ok=1
Cmd: initializeCompiler
Cmd: initializeCompiler
Cmd: initializeCompiler
Cmd: initializeCompiler
Cmd: initializeCompiler
Cmd: initializeCompiler
Cmd: initializeCompiler
Cmd: initializeCompiler
Cmd: initializeCompiler
Cmd: initializeCompiler
Cmd: initializeCompiler
Cmd: initializeCompiler
Cmd: initializeCompiler
Cmd: initializeCompiler
Cmd: initializeCompiler
Cmd: initializeCompiler
Cmd: initializeCompiler
Cmd: initializeCompiler
Cmd: initializeCompiler
